-------------------------------------------------------------------------------
Test set: com.photographyworkshops.Test1
-------------------------------------------------------------------------------
Tests run: 1, Failures: 1, Errors: 0, Skipped: 0, Time elapsed: 7.799 sec <<< FAILURE! - in com.photographyworkshops.Test1
test(com.photographyworkshops.Test1)  Time elapsed: 0.075 sec  <<< FAILURE!
java.lang.AssertionError: expected:<false> but was:<true>
	at org.junit.Assert.fail(Assert.java:88)
	at org.junit.Assert.failNotEquals(Assert.java:834)
	at org.junit.Assert.assertEquals(Assert.java:118)
	at org.junit.Assert.assertEquals(Assert.java:144)
	at com.photographyworkshops.Test1.test(Test1.java:28)

